<?xml version="1.0" encoding="UTF-8"?>
<!-- Generated by org.testng.reporters.JUnitReportReporter -->
<testsuite hostname="mattibharath" failures="0" tests="3" name="TestRunners.TestRunner" time="57.122" errors="0" timestamp="2023-09-21T17:57:37 IST" skipped="0">
  <testcase classname="TestRunners.TestRunner" name="runScenario" time="18.160"/>
  <system-out/>
  <testcase classname="TestRunners.TestRunner" name="runScenario" time="17.948"/>
  <system-out/>
  <testcase classname="TestRunners.TestRunner" name="runScenario" time="21.014"/>
  <system-out/>
</testsuite> <!-- TestRunners.TestRunner -->
