<?xml version="1.0" encoding="UTF-8"?>
<!-- Generated by org.testng.reporters.JUnitReportReporter -->
<testsuite hostname="mattibharath" failures="0" tests="3" name="TestRunners.TestRunner" time="56.550" errors="0" timestamp="2023-09-21T16:23:20 IST" skipped="0">
  <testcase classname="TestRunners.TestRunner" name="runScenario" time="18.610"/>
  <system-out/>
  <testcase classname="TestRunners.TestRunner" name="runScenario" time="16.915"/>
  <system-out/>
  <testcase classname="TestRunners.TestRunner" name="runScenario" time="21.025"/>
  <system-out/>
</testsuite> <!-- TestRunners.TestRunner -->
